\BOOKMARK [-1][-]{part.1}{I\040Q2\0402023}{}% 1
\BOOKMARK [0][-]{chapter.1}{Academic\040Insights}{part.1}% 2
\BOOKMARK [1][-]{section.1.1}{Governance\040in\040DeFi}{chapter.1}% 3
\BOOKMARK [2][-]{subsection.1.1.1}{Introduction}{section.1.1}% 4
\BOOKMARK [2][-]{subsection.1.1.2}{Centralisation\040of\040Governance\040in\040DeFi\040Protocols}{section.1.1}% 5
\BOOKMARK [2][-]{subsection.1.1.3}{Challenges\040&\040Vulnerability\040In\040DeFi\040Governance}{section.1.1}% 6
\BOOKMARK [2][-]{subsection.1.1.4}{AI-enabled\040On-chain\040Governance}{section.1.1}% 7
\BOOKMARK [2][-]{subsection.1.1.5}{Conclusion}{section.1.1}% 8
\BOOKMARK [2][-]{subsection.1.1.6}{References}{section.1.1}% 9
\BOOKMARK [1][-]{section.1.2}{Blockchain\040Bridge\040Security}{chapter.1}% 10
\BOOKMARK [2][-]{subsection.1.2.1}{Introduction}{section.1.2}% 11
\BOOKMARK [2][-]{subsection.1.2.2}{Interoperability\040and\040Security\040Challenges}{section.1.2}% 12
\BOOKMARK [2][-]{subsection.1.2.3}{The\040Role\040of\040Cryptography\040in\040Blockchain\040Bridge\040Security}{section.1.2}% 13
\BOOKMARK [2][-]{subsection.1.2.4}{Scalability\040and\040Security}{section.1.2}% 14
\BOOKMARK [2][-]{subsection.1.2.5}{Maintaining\040Sovereignty\040of\040blockchains}{section.1.2}% 15
\BOOKMARK [2][-]{subsection.1.2.6}{Conclusion}{section.1.2}% 16
\BOOKMARK [2][-]{subsection.1.2.7}{References}{section.1.2}% 17
\BOOKMARK [0][-]{chapter.2}{Industry\040Perspective}{part.1}% 18
\BOOKMARK [1][-]{section.2.1}{Mobile\040Theft\040Prevention\040using\040Blockchain}{chapter.2}% 19
\BOOKMARK [2][-]{subsection.2.1.1}{Introduction}{section.2.1}% 20
\BOOKMARK [2][-]{subsection.2.1.2}{Rationale\040Behind\040Mobile\040Theft\040Prevention\040using\040Blockchain}{section.2.1}% 21
\BOOKMARK [2][-]{subsection.2.1.3}{Alternative\040Technologies\040Available\040under\040Development}{section.2.1}% 22
\BOOKMARK [2][-]{subsection.2.1.4}{Methodology}{section.2.1}% 23
\BOOKMARK [2][-]{subsection.2.1.5}{Impact\040on\040Users\040and\040Mobile\040Manufacturers}{section.2.1}% 24
\BOOKMARK [2][-]{subsection.2.1.6}{Economic\040and\040Social\040Benefits}{section.2.1}% 25
\BOOKMARK [2][-]{subsection.2.1.7}{Future\040Possibilities\040and\040Extensions}{section.2.1}% 26
\BOOKMARK [2][-]{subsection.2.1.8}{References}{section.2.1}% 27
\BOOKMARK [1][-]{section.2.2}{Financial\040Institutions\040and\040Crypto\040Customers}{chapter.2}% 28
\BOOKMARK [2][-]{subsection.2.2.1}{A\040Background\040Story}{section.2.2}% 29
\BOOKMARK [2][-]{subsection.2.2.2}{Introduction}{section.2.2}% 30
\BOOKMARK [2][-]{subsection.2.2.3}{Managing\040Crypto\040Customers}{section.2.2}% 31
\BOOKMARK [2][-]{subsection.2.2.4}{Assessing\040Regulatory\040and\040Compliance\040Considerations}{section.2.2}% 32
\BOOKMARK [2][-]{subsection.2.2.5}{Expanding\040Business\040Opportunities}{section.2.2}% 33
\BOOKMARK [2][-]{subsection.2.2.6}{Establishing\040Centralized\040Organizational\040Structures}{section.2.2}% 34
\BOOKMARK [2][-]{subsection.2.2.7}{Talent\040Acquisition\040and\040Skill\040Development}{section.2.2}% 35
\BOOKMARK [2][-]{subsection.2.2.8}{Conclusion}{section.2.2}% 36
\BOOKMARK [2][-]{subsection.2.2.9}{References}{section.2.2}% 37
\BOOKMARK [0][-]{chapter.3}{Innovation\040&\040Ideation}{part.1}% 38
\BOOKMARK [1][-]{section.3.1}{Sharding:\040A\040Panacea\040for\040Blockchain\040Scalability\040Challenges?}{chapter.3}% 39
\BOOKMARK [2][-]{subsection.3.1.1}{What\040is\040Sharding?}{section.3.1}% 40
\BOOKMARK [2][-]{subsection.3.1.2}{Different\040Sharding\040Approaches}{section.3.1}% 41
\BOOKMARK [3][-]{subsubsection*.3}{Sharding\040in\040Ethereum}{subsection.3.1.2}% 42
\BOOKMARK [3][-]{subsubsection*.4}{Sharding\040in\040Near\040Blockchain}{subsection.3.1.2}% 43
\BOOKMARK [2][-]{subsection.3.1.3}{Sharding\040Challenges}{section.3.1}% 44
\BOOKMARK [3][-]{subsubsection*.5}{Security}{subsection.3.1.3}% 45
\BOOKMARK [3][-]{subsubsection*.6}{Cross-Shard\040Communication}{subsection.3.1.3}% 46
\BOOKMARK [3][-]{subsubsection*.7}{Data\040Availability}{subsection.3.1.3}% 47
\BOOKMARK [2][-]{subsection.3.1.4}{Sharding\040in\040Hedera}{section.3.1}% 48
\BOOKMARK [2][-]{subsection.3.1.5}{Conclusion}{section.3.1}% 49
\BOOKMARK [2][-]{subsection.3.1.6}{References}{section.3.1}% 50
\BOOKMARK [1][-]{section.3.2}{Self-Sovereign\040Identity:\040Technical\040Foundations\040and\040Applications}{chapter.3}% 51
\BOOKMARK [2][-]{subsection.3.2.1}{Introduction}{section.3.2}% 52
\BOOKMARK [2][-]{subsection.3.2.2}{Applications\040for\040SSI}{section.3.2}% 53
\BOOKMARK [3][-]{subsubsection*.8}{SSI\040in\040healthcare}{subsection.3.2.2}% 54
\BOOKMARK [3][-]{subsubsection*.9}{SSI\040in\040land\040registration}{subsection.3.2.2}% 55
\BOOKMARK [3][-]{subsubsection*.10}{SSI\040in\040e-voting}{subsection.3.2.2}% 56
\BOOKMARK [3][-]{subsubsection*.11}{SSI\040in\040finance\040and\040identity\040management}{subsection.3.2.2}% 57
\BOOKMARK [2][-]{subsection.3.2.3}{Can\040SSI\040work\040without\040Blockchain?}{section.3.2}% 58
\BOOKMARK [2][-]{subsection.3.2.4}{Conclusion}{section.3.2}% 59
\BOOKMARK [2][-]{subsection.3.2.5}{References}{section.3.2}% 60
\BOOKMARK [-1][-]{part.2}{II\040Q3\0402023}{}% 61
\BOOKMARK [0][-]{chapter.4}{Academic\040Insights}{part.2}% 62
\BOOKMARK [1][-]{section.4.1}{Cross-Chain\040Interoperability:\040A\040Comprehensive\040Overview}{chapter.4}% 63
\BOOKMARK [2][-]{subsection.4.1.1}{1.\040Introduction}{section.4.1}% 64
\BOOKMARK [2][-]{subsection.4.1.2}{2.\040Definition\040and\040Importance\040of\040Cross-Chain\040Interoperability}{section.4.1}% 65
\BOOKMARK [2][-]{subsection.4.1.3}{3.\040The\040Landscape\040of\040Blockchain\040Networks}{section.4.1}% 66
\BOOKMARK [2][-]{subsection.4.1.4}{4.\040Mechanisms\040and\040Methods\040for\040Interoperability}{section.4.1}% 67
\BOOKMARK [2][-]{subsection.4.1.5}{5.\040Leading\040Innovators\040in\040Interoperability}{section.4.1}% 68
\BOOKMARK [2][-]{subsection.4.1.6}{6.\040Challenges\040in\040Achieving\040Interoperability}{section.4.1}% 69
\BOOKMARK [2][-]{subsection.4.1.7}{7.\040Potential\040Solutions\040to\040Challenges}{section.4.1}% 70
\BOOKMARK [2][-]{subsection.4.1.8}{8.\040Implications\040of\040a\040Unified\040Blockchain\040Ecosystem}{section.4.1}% 71
\BOOKMARK [2][-]{subsection.4.1.9}{9.\040Future\040Prospects\040and\040Developments}{section.4.1}% 72
\BOOKMARK [2][-]{subsection.4.1.10}{10.\040Conclusion}{section.4.1}% 73
\BOOKMARK [1][-]{section.4.2}{Scam\040Detection\040on\040Ethereum}{chapter.4}% 74
\BOOKMARK [2][-]{subsection.4.2.1}{Introduction}{section.4.2}% 75
\BOOKMARK [2][-]{subsection.4.2.2}{Challenges\040in\040Scam\040Detection\040on\040Ethereum}{section.4.2}% 76
\BOOKMARK [2][-]{subsection.4.2.3}{Phishing\040Scam\040Detection}{section.4.2}% 77
\BOOKMARK [2][-]{subsection.4.2.4}{Ponzi\040Scheme\040Detection}{section.4.2}% 78
\BOOKMARK [2][-]{subsection.4.2.5}{Honeypot\040Scheme\040Detection}{section.4.2}% 79
\BOOKMARK [2][-]{subsection.4.2.6}{Rug\040Pull\040Scam\040Detection}{section.4.2}% 80
\BOOKMARK [2][-]{subsection.4.2.7}{Pump-and-Dump\040Scheme\040Detection}{section.4.2}% 81
\BOOKMARK [2][-]{subsection.4.2.8}{Conclusion}{section.4.2}% 82
\BOOKMARK [2][-]{subsection.4.2.9}{References}{section.4.2}% 83
\BOOKMARK [0][-]{chapter.5}{Industry\040Perspective}{part.2}% 84
\BOOKMARK [1][-]{section.5.1}{Understanding\040Hedera\040Services:\040An\040Overview\040of\040Transaction\040Types\040on\040the\040Hashgraph\040Network}{chapter.5}% 85
\BOOKMARK [2][-]{subsection.5.1.1}{Introduction}{section.5.1}% 86
\BOOKMARK [2][-]{subsection.5.1.2}{Hedera\040Cryptocurrency\040Service}{section.5.1}% 87
\BOOKMARK [2][-]{subsection.5.1.3}{Fees\040Associated\040with\040Hedera\040Transactions}{section.5.1}% 88
\BOOKMARK [2][-]{subsection.5.1.4}{Hedera\040Consensus\040Service}{section.5.1}% 89
\BOOKMARK [3][-]{subsubsection*.12}{HCS\040Architecture\040and\040Configuration}{subsection.5.1.4}% 90
\BOOKMARK [2][-]{subsection.5.1.5}{Hedera\040Token\040Service}{section.5.1}% 91
\BOOKMARK [3][-]{subsubsection*.13}{\376\377\000A\000p\000p\000l\000i\000c\000a\000t\000i\000o\000n\000s\000\040\000o\000f\000\040\000H\000e\000d\000e\000r\000a\040\031\000s\000\040\000T\000o\000k\000e\000n\000i\000s\000a\000t\000i\000o\000n\000\040\000M\000o\000d\000e\000l}{subsection.5.1.5}% 92
\BOOKMARK [2][-]{subsection.5.1.6}{Hedera\040Smart\040Contract\040Service}{section.5.1}% 93
\BOOKMARK [2][-]{subsection.5.1.7}{Hedera\040File\040Service}{section.5.1}% 94
\BOOKMARK [2][-]{subsection.5.1.8}{Conclusion}{section.5.1}% 95
\BOOKMARK [2][-]{subsection.5.1.9}{References}{section.5.1}% 96
\BOOKMARK [1][-]{section.5.2}{Opportunities\040and\040Risks\040for\040Traditional\040Insurance\040Companies\040and\040Banks\040with\040DeFi\040Business\040Models}{chapter.5}% 97
\BOOKMARK [2][-]{subsection.5.2.1}{Introduction}{section.5.2}% 98
\BOOKMARK [2][-]{subsection.5.2.2}{Business\040Ideas}{section.5.2}% 99
\BOOKMARK [2][-]{subsection.5.2.3}{Resolving\040the\040Paradox}{section.5.2}% 100
\BOOKMARK [2][-]{subsection.5.2.4}{Conclusion}{section.5.2}% 101
\BOOKMARK [2][-]{subsection.5.2.5}{References}{section.5.2}% 102
\BOOKMARK [1][-]{section.5.3}{Crypto\040and\040Digital\040Assets\040Risk\040Management:\040Navigating\040Opportunities\040and\040Challenges}{chapter.5}% 103
\BOOKMARK [2][-]{subsection.5.3.1}{Introduction}{section.5.3}% 104
\BOOKMARK [2][-]{subsection.5.3.2}{Managing\040Risks}{section.5.3}% 105
\BOOKMARK [2][-]{subsection.5.3.3}{Main\040results}{section.5.3}% 106
\BOOKMARK [2][-]{subsection.5.3.4}{Conclusion}{section.5.3}% 107
\BOOKMARK [2][-]{subsection.5.3.5}{References}{section.5.3}% 108
\BOOKMARK [0][-]{chapter.6}{Innovation\040&\040Ideation}{part.2}% 109
\BOOKMARK [1][-]{section.6.1}{Soulbound\040Tokens\040\(SBTs\)}{chapter.6}% 110
\BOOKMARK [2][-]{subsection.6.1.1}{Introduction}{section.6.1}% 111
\BOOKMARK [2][-]{subsection.6.1.2}{Moving\040towards\040a\040Decentralised\040Society\040\(DeSoc\)}{section.6.1}% 112
\BOOKMARK [2][-]{subsection.6.1.3}{Functionality\040of\040SBTs}{section.6.1}% 113
\BOOKMARK [2][-]{subsection.6.1.4}{Potential\040Applications\040of\040SBTs}{section.6.1}% 114
\BOOKMARK [3][-]{subsubsection*.15}{Verifying\040Authenticity\040of\040Factual\040Records}{subsection.6.1.4}% 115
\BOOKMARK [3][-]{subsubsection*.16}{Digital\040Inheritance\040Planning}{subsection.6.1.4}% 116
\BOOKMARK [3][-]{subsubsection*.17}{Alternative\040Credit\040Systems}{subsection.6.1.4}% 117
\BOOKMARK [3][-]{subsubsection*.18}{Preventing\040Sybil\040Attacks\040in\040DAOs}{subsection.6.1.4}% 118
\BOOKMARK [3][-]{subsubsection*.19}{Enhancing\040Trust\040in\040Online\040Property\040Rental}{subsection.6.1.4}% 119
\BOOKMARK [3][-]{subsubsection*.20}{Decentralised\040Dispute\040Resolution}{subsection.6.1.4}% 120
\BOOKMARK [3][-]{subsubsection*.21}{Recording\040Employment\040History\040and\040Professional\040Qualifications}{subsection.6.1.4}% 121
\BOOKMARK [3][-]{subsubsection*.22}{Authenticating\040Academic\040Credentials}{subsection.6.1.4}% 122
\BOOKMARK [3][-]{subsubsection*.23}{Secure\040Management\040of\040Healthcare\040Records}{subsection.6.1.4}% 123
\BOOKMARK [2][-]{subsection.6.1.5}{Challenges\040and\040Concerns}{section.6.1}% 124
\BOOKMARK [2][-]{subsection.6.1.6}{Conclusion}{section.6.1}% 125
\BOOKMARK [2][-]{subsection.6.1.7}{References}{section.6.1}% 126
\BOOKMARK [0][-]{chapter*.24}{Bibliography}{part.2}% 127
